# Logfile created on Sun Nov 08 12:45:23 -0800 2009  [4;36;1mUser Load (0.2ms)[0m   [0;1mSELECT "users".id FROM "users" WHERE ("users"."name" = 'George') LIMIT 1[0m
  [4;35;1mUser Create (0.4ms)[0m   [0mINSERT INTO "users" ("name", "updated_at", "created_at") VALUES('George', '2009-11-08 21:25:01', '2009-11-08 21:25:01')[0m
  [4;36;1mUser Load (0.1ms)[0m   [0;1mSELECT "users".id FROM "users" WHERE ("users"."name" = ' Mary') LIMIT 1[0m
  [4;35;1mUser Create (0.1ms)[0m   [0mINSERT INTO "users" ("name", "updated_at", "created_at") VALUES(' Mary', '2009-11-08 21:25:01', '2009-11-08 21:25:01')[0m
  [4;36;1mUser Load (0.2ms)[0m   [0;1mSELECT "users".id FROM "users" WHERE ("users"."name" = 'George') LIMIT 1[0m
  [4;35;1mUser Create (0.4ms)[0m   [0mINSERT INTO "users" ("name", "updated_at", "created_at") VALUES('George', '2009-11-08 21:27:33', '2009-11-08 21:27:33')[0m
  [4;36;1mUser Load (0.1ms)[0m   [0;1mSELECT "users".id FROM "users" WHERE ("users"."name" = ' Mary') LIMIT 1[0m
  [4;35;1mUser Create (0.1ms)[0m   [0mINSERT INTO "users" ("name", "updated_at", "created_at") VALUES(' Mary', '2009-11-08 21:27:33', '2009-11-08 21:27:33')[0m
REQUESTING PAGE: GET /users with {} and HTTP headers {}


Processing ApplicationController#index (for 127.0.0.1 at 2009-11-08 13:27:33) [GET]
  [4;36;1mUser Load (0.2ms)[0m   [0;1mSELECT "users".id FROM "users" WHERE ("users"."name" = 'George') LIMIT 1[0m
  [4;35;1mUser Create (0.4ms)[0m   [0mINSERT INTO "users" ("name", "updated_at", "created_at") VALUES('George', '2009-11-08 21:29:30', '2009-11-08 21:29:30')[0m
  [4;36;1mUser Load (0.1ms)[0m   [0;1mSELECT "users".id FROM "users" WHERE ("users"."name" = ' Mary') LIMIT 1[0m
  [4;35;1mUser Create (0.1ms)[0m   [0mINSERT INTO "users" ("name", "updated_at", "created_at") VALUES(' Mary', '2009-11-08 21:29:30', '2009-11-08 21:29:30')[0m
REQUESTING PAGE: GET /users with {} and HTTP headers {}


Processing ApplicationController#index (for 127.0.0.1 at 2009-11-08 13:29:30) [GET]
  [4;36;1mUser Load (0.2ms)[0m   [0;1mSELECT "users".id FROM "users" WHERE ("users"."name" = 'George') LIMIT 1[0m
  [4;35;1mUser Create (0.4ms)[0m   [0mINSERT INTO "users" ("name", "updated_at", "created_at") VALUES('George', '2009-11-08 22:01:19', '2009-11-08 22:01:19')[0m
  [4;36;1mUser Load (0.1ms)[0m   [0;1mSELECT "users".id FROM "users" WHERE ("users"."name" = ' Mary') LIMIT 1[0m
  [4;35;1mUser Create (0.1ms)[0m   [0mINSERT INTO "users" ("name", "updated_at", "created_at") VALUES(' Mary', '2009-11-08 22:01:19', '2009-11-08 22:01:19')[0m
REQUESTING PAGE: GET /users with {} and HTTP headers {}


Processing UsersController#index (for 127.0.0.1 at 2009-11-08 14:01:19) [GET]
  [4;36;1mUser Load (0.4ms)[0m   [0;1mSELECT * FROM "users" [0m


Processing ApplicationController#index (for 127.0.0.1 at 2009-11-08 14:01:19) [GET]
  [4;36;1mUser Load (0.2ms)[0m   [0;1mSELECT "users".id FROM "users" WHERE ("users"."name" = 'George') LIMIT 1[0m
  [4;35;1mUser Create (0.4ms)[0m   [0mINSERT INTO "users" ("name", "updated_at", "created_at") VALUES('George', '2009-11-08 22:05:37', '2009-11-08 22:05:37')[0m
  [4;36;1mUser Load (0.1ms)[0m   [0;1mSELECT "users".id FROM "users" WHERE ("users"."name" = ' Mary') LIMIT 1[0m
  [4;35;1mUser Create (0.1ms)[0m   [0mINSERT INTO "users" ("name", "updated_at", "created_at") VALUES(' Mary', '2009-11-08 22:05:37', '2009-11-08 22:05:37')[0m
REQUESTING PAGE: GET /users with {} and HTTP headers {}


Processing UsersController#index (for 127.0.0.1 at 2009-11-08 14:05:37) [GET]
  [4;36;1mUser Load (0.4ms)[0m   [0;1mSELECT * FROM "users" [0m


Processing ApplicationController#index (for 127.0.0.1 at 2009-11-08 14:05:37) [GET]
  [4;36;1mUser Load (0.1ms)[0m   [0;1mSELECT "users".id FROM "users" WHERE ("users"."name" = 'George') LIMIT 1[0m
  [4;35;1mUser Create (62.6ms)[0m   [0mINSERT INTO "users" ("name", "updated_at", "created_at") VALUES('George', '2009-11-08 22:11:44', '2009-11-08 22:11:44')[0m
  [4;36;1mUser Load (0.1ms)[0m   [0;1mSELECT "users".id FROM "users" WHERE ("users"."name" = ' Mary') LIMIT 1[0m
  [4;35;1mUser Create (0.1ms)[0m   [0mINSERT INTO "users" ("name", "updated_at", "created_at") VALUES(' Mary', '2009-11-08 22:11:44', '2009-11-08 22:11:44')[0m
REQUESTING PAGE: GET /users with {} and HTTP headers {}


Processing UsersController#index (for 127.0.0.1 at 2009-11-08 14:11:44) [GET]
  [4;36;1mUser Load (0.4ms)[0m   [0;1mSELECT * FROM "users" [0m


Processing ApplicationController#index (for 127.0.0.1 at 2009-11-08 14:11:44) [GET]
  [4;36;1mUser Load (0.2ms)[0m   [0;1mSELECT "users".id FROM "users" WHERE ("users"."name" = 'George') LIMIT 1[0m
  [4;35;1mUser Create (0.4ms)[0m   [0mINSERT INTO "users" ("name", "updated_at", "created_at") VALUES('George', '2009-11-08 22:13:21', '2009-11-08 22:13:21')[0m
  [4;36;1mUser Load (0.1ms)[0m   [0;1mSELECT "users".id FROM "users" WHERE ("users"."name" = ' Mary') LIMIT 1[0m
  [4;35;1mUser Create (0.1ms)[0m   [0mINSERT INTO "users" ("name", "updated_at", "created_at") VALUES(' Mary', '2009-11-08 22:13:21', '2009-11-08 22:13:21')[0m
REQUESTING PAGE: GET /users with {} and HTTP headers {}


Processing UsersController#index (for 127.0.0.1 at 2009-11-08 14:13:21) [GET]
  [4;36;1mUser Load (0.5ms)[0m   [0;1mSELECT * FROM "users" [0m


Processing ApplicationController#index (for 127.0.0.1 at 2009-11-08 14:13:21) [GET]
  [4;36;1mUser Load (0.2ms)[0m   [0;1mSELECT "users".id FROM "users" WHERE ("users"."name" = 'George') LIMIT 1[0m
  [4;35;1mUser Create (0.4ms)[0m   [0mINSERT INTO "users" ("name", "updated_at", "created_at") VALUES('George', '2009-11-08 22:14:43', '2009-11-08 22:14:43')[0m
  [4;36;1mUser Load (0.1ms)[0m   [0;1mSELECT "users".id FROM "users" WHERE ("users"."name" = ' Mary') LIMIT 1[0m
  [4;35;1mUser Create (0.1ms)[0m   [0mINSERT INTO "users" ("name", "updated_at", "created_at") VALUES(' Mary', '2009-11-08 22:14:43', '2009-11-08 22:14:43')[0m
REQUESTING PAGE: GET /users with {} and HTTP headers {}


Processing UsersController#index (for 127.0.0.1 at 2009-11-08 14:14:43) [GET]
  [4;36;1mUser Load (0.4ms)[0m   [0;1mSELECT * FROM "users" [0m
Rendering users/index
Completed in 29ms (View: 26, DB: 1) | 200 OK [http://www.example.com/users]
